<?xml version="1.0" encoding="UTF-8"?>
<!-- Generated by org.testng.reporters.JUnitReportReporter -->
<testsuite hostname="DESKTOP-8T4D3JD" failures="0" tests="1" name="com.test.Brokenlinks" time="57.088" errors="0" timestamp="2024-10-23T10:28:41 IST" skipped="0">
  <testcase classname="com.test.Brokenlinks" name="testBrokenLinksAndImages" time="57.088"/>
  <system-out/>
</testsuite> <!-- com.test.Brokenlinks -->
