<?xml version="1.0" encoding="UTF-8"?>
<!-- Generated by org.testng.reporters.JUnitReportReporter -->
<testsuite hostname="DESKTOP-8T4D3JD" failures="0" tests="1" name="com.base.Brokenlinks" time="165.726" errors="0" timestamp="2024-10-17T12:18:19 IST" skipped="0">
  <testcase classname="com.base.Brokenlinks" name="checkBrokenLinks" time="165.726"/>
  <system-out/>
</testsuite> <!-- com.base.Brokenlinks -->
